

Microchip MPLAB XC8 Assembler V2.31 build 20201012212115 
                                                                                               Fri May 28 12:11:05 2021

Microchip MPLAB XC8 C Compiler v2.31 (Free license) build 20201012212115 Og1 
     1                           	processor	16F887
     2                           	pagewidth 120
     3                           	opt	flic
     4                           	psect	cinit,global,class=CODE,merge=1,delta=2
     5                           	psect	cstackCOMMON,global,class=COMMON,space=1,delta=1,noexec
     6                           	psect	maintext,global,class=CODE,split=1,delta=2
     7                           	psect	text1,local,class=CODE,merge=1,delta=2
     8                           	psect	config,global,abs,ovrld,class=CONFIG,space=4,delta=2,noexec
     9                           	dabs	1,0x7E,2
    10  0000                     
    11                           ; Version 2.20
    12                           ; Generated 12/02/2020 GMT
    13                           ; 
    14                           ; Copyright © 2020, Microchip Technology Inc. and its subsidiaries ("Microchip")
    15                           ; All rights reserved.
    16                           ; 
    17                           ; This software is developed by Microchip Technology Inc. and its subsidiaries ("Microch
      +                          ip").
    18                           ; 
    19                           ; Redistribution and use in source and binary forms, with or without modification, are
    20                           ; permitted provided that the following conditions are met:
    21                           ; 
    22                           ;     1. Redistributions of source code must retain the above copyright notice, this lis
      +                          t of
    23                           ;        conditions and the following disclaimer.
    24                           ; 
    25                           ;     2. Redistributions in binary form must reproduce the above copyright notice, this 
      +                          list
    26                           ;        of conditions and the following disclaimer in the documentation and/or other
    27                           ;        materials provided with the distribution.
    28                           ; 
    29                           ;     3. Microchip's name may not be used to endorse or promote products derived from th
      +                          is
    30                           ;        software without specific prior written permission.
    31                           ; 
    32                           ; THIS SOFTWARE IS PROVIDED BY MICROCHIP "AS IS" AND ANY EXPRESS OR IMPLIED WARRANTIES,
    33                           ; INCLUDING, BUT NOT LIMITED TO, THE IMPLIED WARRANTIES OF MERCHANTABILITY AND FITNESS F
      +                          OR
    34                           ; PURPOSE ARE DISCLAIMED.  IN NO EVENT SHALL MICROCHIP BE LIABLE FOR ANY DIRECT, INDIREC
      +                          T,
    35                           ; INCIDENTAL, SPECIAL, EXEMPLARY, OR CONSEQUENTIAL DAMAGES (INCLUDING BUT NOT LIMITED TO
    36                           ; PROCUREMENT OF SUBSTITUTE GOODS OR SERVICES; LOSS OF USE, DATA OR PROFITS; OR BUSINESS
    37                           ; INTERRUPTION) HOWSOEVER CAUSED AND ON ANY THEORY OF LIABILITY, WHETHER IN CONTRACT, ST
      +                          RICT
    38                           ; LIABILITY, OR TORT (INCLUDING NEGLIGENCE OR OTHERWISE) ARISING IN ANY WAY OUT OF THE U
      +                          SE OF
    39                           ; THIS SOFTWARE, EVEN IF ADVISED OF THE POSSIBILITY OF SUCH DAMAGE.
    40                           ; 
    41                           ; 
    42                           ; Code-generator required, PIC16F887 Definitions
    43                           ; 
    44                           ; SFR Addresses
    45  0000                     	;# 
    46  0001                     	;# 
    47  0002                     	;# 
    48  0003                     	;# 
    49  0004                     	;# 
    50  0005                     	;# 
    51  0006                     	;# 
    52  0007                     	;# 
    53  0008                     	;# 
    54  0009                     	;# 
    55  000A                     	;# 
    56  000B                     	;# 
    57  000C                     	;# 
    58  000D                     	;# 
    59  000E                     	;# 
    60  000E                     	;# 
    61  000F                     	;# 
    62  0010                     	;# 
    63  0011                     	;# 
    64  0012                     	;# 
    65  0013                     	;# 
    66  0014                     	;# 
    67  0015                     	;# 
    68  0015                     	;# 
    69  0016                     	;# 
    70  0017                     	;# 
    71  0018                     	;# 
    72  0019                     	;# 
    73  001A                     	;# 
    74  001B                     	;# 
    75  001B                     	;# 
    76  001C                     	;# 
    77  001D                     	;# 
    78  001E                     	;# 
    79  001F                     	;# 
    80  0081                     	;# 
    81  0085                     	;# 
    82  0086                     	;# 
    83  0087                     	;# 
    84  0088                     	;# 
    85  0089                     	;# 
    86  008C                     	;# 
    87  008D                     	;# 
    88  008E                     	;# 
    89  008F                     	;# 
    90  0090                     	;# 
    91  0091                     	;# 
    92  0092                     	;# 
    93  0093                     	;# 
    94  0093                     	;# 
    95  0093                     	;# 
    96  0094                     	;# 
    97  0095                     	;# 
    98  0096                     	;# 
    99  0097                     	;# 
   100  0098                     	;# 
   101  0099                     	;# 
   102  009A                     	;# 
   103  009B                     	;# 
   104  009C                     	;# 
   105  009D                     	;# 
   106  009E                     	;# 
   107  009F                     	;# 
   108  0105                     	;# 
   109  0107                     	;# 
   110  0108                     	;# 
   111  0109                     	;# 
   112  010C                     	;# 
   113  010C                     	;# 
   114  010D                     	;# 
   115  010E                     	;# 
   116  010F                     	;# 
   117  0185                     	;# 
   118  0187                     	;# 
   119  0188                     	;# 
   120  0189                     	;# 
   121  018C                     	;# 
   122  018D                     	;# 
   123  0000                     	;# 
   124  0001                     	;# 
   125  0002                     	;# 
   126  0003                     	;# 
   127  0004                     	;# 
   128  0005                     	;# 
   129  0006                     	;# 
   130  0007                     	;# 
   131  0008                     	;# 
   132  0009                     	;# 
   133  000A                     	;# 
   134  000B                     	;# 
   135  000C                     	;# 
   136  000D                     	;# 
   137  000E                     	;# 
   138  000E                     	;# 
   139  000F                     	;# 
   140  0010                     	;# 
   141  0011                     	;# 
   142  0012                     	;# 
   143  0013                     	;# 
   144  0014                     	;# 
   145  0015                     	;# 
   146  0015                     	;# 
   147  0016                     	;# 
   148  0017                     	;# 
   149  0018                     	;# 
   150  0019                     	;# 
   151  001A                     	;# 
   152  001B                     	;# 
   153  001B                     	;# 
   154  001C                     	;# 
   155  001D                     	;# 
   156  001E                     	;# 
   157  001F                     	;# 
   158  0081                     	;# 
   159  0085                     	;# 
   160  0086                     	;# 
   161  0087                     	;# 
   162  0088                     	;# 
   163  0089                     	;# 
   164  008C                     	;# 
   165  008D                     	;# 
   166  008E                     	;# 
   167  008F                     	;# 
   168  0090                     	;# 
   169  0091                     	;# 
   170  0092                     	;# 
   171  0093                     	;# 
   172  0093                     	;# 
   173  0093                     	;# 
   174  0094                     	;# 
   175  0095                     	;# 
   176  0096                     	;# 
   177  0097                     	;# 
   178  0098                     	;# 
   179  0099                     	;# 
   180  009A                     	;# 
   181  009B                     	;# 
   182  009C                     	;# 
   183  009D                     	;# 
   184  009E                     	;# 
   185  009F                     	;# 
   186  0105                     	;# 
   187  0107                     	;# 
   188  0108                     	;# 
   189  0109                     	;# 
   190  010C                     	;# 
   191  010C                     	;# 
   192  010D                     	;# 
   193  010E                     	;# 
   194  010F                     	;# 
   195  0185                     	;# 
   196  0187                     	;# 
   197  0188                     	;# 
   198  0189                     	;# 
   199  018C                     	;# 
   200  018D                     	;# 
   201  0006                     _PORTB	set	6
   202  0030                     _RB0	set	48
   203  008F                     _OSCCONbits	set	143
   204  0086                     _TRISBbits	set	134
   205                           
   206                           	psect	cinit
   207  07FC                     start_initialization:	
   208                           ; #config settings
   209                           
   210  07FC                     __initialization:
   211  07FC                     end_of_initialization:	
   212                           ;End of C runtime variable initialization code
   213                           
   214  07FC                     __end_of__initialization:
   215  07FC  0183               	clrf	3
   216  07FD  120A  118A  2FD3   	ljmp	_main	;jump to C main() function
   217                           
   218                           	psect	cstackCOMMON
   219  0070                     __pcstackCOMMON:
   220  0070                     ?_setup:
   221  0070                     ??_setup:	
   222                           ; 1 bytes @ 0x0
   223                           
   224  0070                     ?_main:	
   225                           ; 1 bytes @ 0x0
   226                           
   227  0070                     ??_main:	
   228                           ; 1 bytes @ 0x0
   229                           
   230                           
   231                           ; 1 bytes @ 0x0
   232  0070                     	ds	3
   233                           
   234                           	psect	maintext
   235  07D3                     __pmaintext:	
   236 ;;
   237 ;;Main: autosize = 0, tempsize = 3, incstack = 0, save=0
   238 ;;
   239 ;; *************** function _main *****************
   240 ;; Defined at:
   241 ;;		line 49 in file "pruebas.c"
   242 ;; Parameters:    Size  Location     Type
   243 ;;		None
   244 ;; Auto vars:     Size  Location     Type
   245 ;;		None
   246 ;; Return value:  Size  Location     Type
   247 ;;                  1    wreg      void 
   248 ;; Registers used:
   249 ;;		wreg, status,2, status,0, pclath, cstack
   250 ;; Tracked objects:
   251 ;;		On entry : B00/0
   252 ;;		On exit  : 0/0
   253 ;;		Unchanged: 0/0
   254 ;; Data sizes:     COMMON   BANK0   BANK1   BANK3   BANK2
   255 ;;      Params:         0       0       0       0       0
   256 ;;      Locals:         0       0       0       0       0
   257 ;;      Temps:          3       0       0       0       0
   258 ;;      Totals:         3       0       0       0       0
   259 ;;Total ram usage:        3 bytes
   260 ;; Hardware stack levels required when called:    1
   261 ;; This function calls:
   262 ;;		_setup
   263 ;; This function is called by:
   264 ;;		Startup code after reset
   265 ;; This function uses a non-reentrant model
   266 ;;
   267                           
   268                           
   269                           ;psect for function _main
   270  07D3                     _main:
   271  07D3                     l627:	
   272                           ;incstack = 0
   273                           ; Regs used in _main: [wreg+status,2+status,0+pclath+cstack]
   274                           
   275  07D3  120A  118A  27C6  120A  118A  	fcall	_setup
   276  07D8                     l629:
   277  07D8  1283               	bcf	3,5	;RP0=0, select bank0
   278  07D9  1303               	bcf	3,6	;RP1=0, select bank0
   279  07DA  1406               	bsf	6,0	;volatile
   280  07DB                     l631:
   281  07DB  3003               	movlw	3
   282  07DC  00F2               	movwf	??_main+2
   283  07DD  308A               	movlw	138
   284  07DE  00F1               	movwf	??_main+1
   285  07DF  3055               	movlw	85
   286  07E0  00F0               	movwf	??_main
   287  07E1                     u17:
   288  07E1  0BF0               	decfsz	??_main,f
   289  07E2  2FE1               	goto	u17
   290  07E3  0BF1               	decfsz	??_main+1,f
   291  07E4  2FE1               	goto	u17
   292  07E5  0BF2               	decfsz	??_main+2,f
   293  07E6  2FE1               	goto	u17
   294  07E7  2FE8               	nop2
   295  07E8                     l633:
   296  07E8  1283               	bcf	3,5	;RP0=0, select bank0
   297  07E9  1303               	bcf	3,6	;RP1=0, select bank0
   298  07EA  1006               	bcf	6,0	;volatile
   299  07EB                     l635:
   300  07EB  3003               	movlw	3
   301  07EC  00F2               	movwf	??_main+2
   302  07ED  308A               	movlw	138
   303  07EE  00F1               	movwf	??_main+1
   304  07EF  3055               	movlw	85
   305  07F0  00F0               	movwf	??_main
   306  07F1                     u27:
   307  07F1  0BF0               	decfsz	??_main,f
   308  07F2  2FF1               	goto	u27
   309  07F3  0BF1               	decfsz	??_main+1,f
   310  07F4  2FF1               	goto	u27
   311  07F5  0BF2               	decfsz	??_main+2,f
   312  07F6  2FF1               	goto	u27
   313  07F7  2FF8               	nop2
   314  07F8  2FD8               	goto	l629
   315  07F9  120A  118A  2800   	ljmp	start
   316  07FC                     __end_of_main:
   317                           
   318                           	psect	text1
   319  07C6                     __ptext1:	
   320 ;; *************** function _setup *****************
   321 ;; Defined at:
   322 ;;		line 60 in file "pruebas.c"
   323 ;; Parameters:    Size  Location     Type
   324 ;;		None
   325 ;; Auto vars:     Size  Location     Type
   326 ;;		None
   327 ;; Return value:  Size  Location     Type
   328 ;;                  1    wreg      void 
   329 ;; Registers used:
   330 ;;		status,2
   331 ;; Tracked objects:
   332 ;;		On entry : 0/0
   333 ;;		On exit  : 0/0
   334 ;;		Unchanged: 0/0
   335 ;; Data sizes:     COMMON   BANK0   BANK1   BANK3   BANK2
   336 ;;      Params:         0       0       0       0       0
   337 ;;      Locals:         0       0       0       0       0
   338 ;;      Temps:          0       0       0       0       0
   339 ;;      Totals:         0       0       0       0       0
   340 ;;Total ram usage:        0 bytes
   341 ;; Hardware stack levels used:    1
   342 ;; This function calls:
   343 ;;		Nothing
   344 ;; This function is called by:
   345 ;;		_main
   346 ;; This function uses a non-reentrant model
   347 ;;
   348                           
   349                           
   350                           ;psect for function _setup
   351  07C6                     _setup:
   352  07C6                     l615:	
   353                           ;incstack = 0
   354                           ; Regs used in _setup: [status,2]
   355                           
   356  07C6  1683               	bsf	3,5	;RP0=1, select bank1
   357  07C7  1303               	bcf	3,6	;RP1=0, select bank1
   358  07C8  1006               	bcf	6,0	;volatile
   359  07C9                     l617:
   360  07C9  1283               	bcf	3,5	;RP0=0, select bank0
   361  07CA  1303               	bcf	3,6	;RP1=0, select bank0
   362  07CB  0186               	clrf	6	;volatile
   363  07CC                     l619:
   364  07CC  1683               	bsf	3,5	;RP0=1, select bank1
   365  07CD  1303               	bcf	3,6	;RP1=0, select bank1
   366  07CE  120F               	bcf	15,4	;volatile
   367  07CF                     l621:
   368  07CF  168F               	bsf	15,5	;volatile
   369  07D0                     l623:
   370  07D0  170F               	bsf	15,6	;volatile
   371  07D1                     l625:
   372  07D1  140F               	bsf	15,0	;volatile
   373  07D2                     l23:
   374  07D2  0008               	return
   375  07D3                     __end_of_setup:
   376  007E                     btemp	set	126	;btemp
   377  007E                     wtemp0	set	126
   378                           
   379                           	psect	config
   380                           
   381                           ;Config register CONFIG1 @ 0x2007
   382                           ;	Oscillator Selection bits
   383                           ;	FOSC = INTRC_NOCLKOUT, INTOSCIO oscillator: I/O function on RA6/OSC2/CLKOUT pin, I/O f
      +                          unction on RA7/OSC1/CLKIN
   384                           ;	Watchdog Timer Enable bit
   385                           ;	WDTE = OFF, WDT disabled and can be enabled by SWDTEN bit of the WDTCON register
   386                           ;	Power-up Timer Enable bit
   387                           ;	PWRTE = OFF, PWRT disabled
   388                           ;	RE3/MCLR pin function select bit
   389                           ;	MCLRE = OFF, RE3/MCLR pin function is digital input, MCLR internally tied to VDD
   390                           ;	Code Protection bit
   391                           ;	CP = OFF, Program memory code protection is disabled
   392                           ;	Data Code Protection bit
   393                           ;	CPD = OFF, Data memory code protection is disabled
   394                           ;	Brown Out Reset Selection bits
   395                           ;	BOREN = OFF, BOR disabled
   396                           ;	Internal External Switchover bit
   397                           ;	IESO = OFF, Internal/External Switchover mode is disabled
   398                           ;	Fail-Safe Clock Monitor Enabled bit
   399                           ;	FCMEN = OFF, Fail-Safe Clock Monitor is disabled
   400                           ;	Low Voltage Programming Enable bit
   401                           ;	LVP = OFF, RB3 pin has digital I/O, HV on MCLR must be used for programming
   402                           ;	In-Circuit Debugger Mode bit
   403                           ;	DEBUG = 0x1, unprogrammed default
   404  2007                     	org	8199
   405  2007  20D4               	dw	8404
   406                           
   407                           ;Config register CONFIG2 @ 0x2008
   408                           ;	Brown-out Reset Selection bit
   409                           ;	BOR4V = BOR40V, Brown-out Reset set to 4.0V
   410                           ;	Flash Program Memory Self Write Enable bits
   411                           ;	WRT = OFF, Write protection off
   412  2008                     	org	8200
   413  2008  3FFF               	dw	16383

Data Sizes:
    Strings     0
    Constant    0
    Data        0
    BSS         0
    Persistent  0
    Stack       0

Auto Spaces:
    Space          Size  Autos    Used
    COMMON           14      3       3
    BANK0            80      0       0
    BANK1            80      0       0
    BANK3            96      0       0
    BANK2            96      0       0

Pointer List with Targets:

    None.

Critical Paths under _main in COMMON

    None.

Critical Paths under _main in BANK0

    None.

Critical Paths under _main in BANK1

    None.

Critical Paths under _main in BANK3

    None.

Critical Paths under _main in BANK2

    None.

Call Graph Tables:

 ---------------------------------------------------------------------------------
 (Depth) Function   	        Calls       Base Space   Used Autos Params    Refs
 ---------------------------------------------------------------------------------
 (0) _main                                                 3     3      0       0
                                              0 COMMON     3     3      0
                              _setup
 ---------------------------------------------------------------------------------
 (1) _setup                                                0     0      0       0
 ---------------------------------------------------------------------------------
 Estimated maximum stack depth 1
 ---------------------------------------------------------------------------------

 Call Graph Graphs:

 _main (ROOT)
   _setup

 Address spaces:
Name               Size   Autos  Total    Cost      Usage
BITCOMMON            E      0       0       0        0.0%
EEDATA             100      0       0       0        0.0%
NULL                 0      0       0       0        0.0%
CODE                 0      0       0       0        0.0%
COMMON               E      3       3       1       21.4%
BITSFR0              0      0       0       1        0.0%
SFR0                 0      0       0       1        0.0%
BITSFR1              0      0       0       2        0.0%
SFR1                 0      0       0       2        0.0%
STACK                0      0       0       2        0.0%
ABS                  0      0       0       3        0.0%
BITBANK0            50      0       0       4        0.0%
BITSFR3              0      0       0       4        0.0%
SFR3                 0      0       0       4        0.0%
BANK0               50      0       0       5        0.0%
BITSFR2              0      0       0       5        0.0%
SFR2                 0      0       0       5        0.0%
BITBANK1            50      0       0       6        0.0%
BANK1               50      0       0       7        0.0%
BITBANK3            60      0       0       8        0.0%
BANK3               60      0       0       9        0.0%
BITBANK2            60      0       0      10        0.0%
BANK2               60      0       0      11        0.0%
DATA                 0      0       0      12        0.0%


Microchip Technology PIC Macro Assembler V2.31 build 20201012212115 
Symbol Table                                                                                   Fri May 28 12:11:05 2021

                     l23 07D2                       u17 07E1                       u27 07F1  
                    l621 07CF                      l623 07D0                      l615 07C6  
                    l631 07DB                      l625 07D1                      l617 07C9  
                    l633 07E8                      l619 07CC                      l635 07EB  
                    l627 07D3                      l629 07D8                      _RB0 0030  
                   _main 07D3                     btemp 007E                     start 0000  
                  ?_main 0070                    _PORTB 0006                    _setup 07C6  
                  status 0003                    wtemp0 007E          __initialization 07FC  
           __end_of_main 07FC                   ??_main 0070                   ?_setup 0070  
__end_of__initialization 07FC           __pcstackCOMMON 0070            __end_of_setup 07D3  
                ??_setup 0070               __pmaintext 07D3                  __ptext1 07C6  
   end_of_initialization 07FC                _TRISBbits 0086      start_initialization 07FC  
              ___latbits 0002           __size_of_setup 000D            __size_of_main 0029  
             _OSCCONbits 008F  
