

Microchip MPLAB XC8 Assembler V2.31 build 20201012212115 
                                                                                               Tue Apr 27 12:03:04 2021

Microchip MPLAB XC8 C Compiler v2.31 (Free license) build 20201012212115 Og1 
     1                           	processor	16F887
     2                           	pagewidth 120
     3                           	opt	flic
     4                           	psect	cinit,global,class=CODE,merge=1,delta=2
     5                           	psect	cstackCOMMON,global,class=COMMON,space=1,delta=1,noexec
     6                           	psect	maintext,global,class=CODE,split=1,delta=2
     7                           	psect	text1,local,class=CODE,merge=1,delta=2
     8                           	psect	text2,local,class=CODE,merge=1,delta=2
     9                           	psect	intentry,global,class=CODE,delta=2
    10                           	psect	config,global,abs,ovrld,class=CONFIG,space=4,delta=2,noexec
    11                           	dabs	1,0x7E,2
    12  0000                     
    13                           ; Version 2.20
    14                           ; Generated 12/02/2020 GMT
    15                           ; 
    16                           ; Copyright © 2020, Microchip Technology Inc. and its subsidiaries ("Microchip")
    17                           ; All rights reserved.
    18                           ; 
    19                           ; This software is developed by Microchip Technology Inc. and its subsidiaries ("Microch
      +                          ip").
    20                           ; 
    21                           ; Redistribution and use in source and binary forms, with or without modification, are
    22                           ; permitted provided that the following conditions are met:
    23                           ; 
    24                           ;     1. Redistributions of source code must retain the above copyright notice, this lis
      +                          t of
    25                           ;        conditions and the following disclaimer.
    26                           ; 
    27                           ;     2. Redistributions in binary form must reproduce the above copyright notice, this 
      +                          list
    28                           ;        of conditions and the following disclaimer in the documentation and/or other
    29                           ;        materials provided with the distribution.
    30                           ; 
    31                           ;     3. Microchip's name may not be used to endorse or promote products derived from th
      +                          is
    32                           ;        software without specific prior written permission.
    33                           ; 
    34                           ; THIS SOFTWARE IS PROVIDED BY MICROCHIP "AS IS" AND ANY EXPRESS OR IMPLIED WARRANTIES,
    35                           ; INCLUDING, BUT NOT LIMITED TO, THE IMPLIED WARRANTIES OF MERCHANTABILITY AND FITNESS F
      +                          OR
    36                           ; PURPOSE ARE DISCLAIMED.  IN NO EVENT SHALL MICROCHIP BE LIABLE FOR ANY DIRECT, INDIREC
      +                          T,
    37                           ; INCIDENTAL, SPECIAL, EXEMPLARY, OR CONSEQUENTIAL DAMAGES (INCLUDING BUT NOT LIMITED TO
    38                           ; PROCUREMENT OF SUBSTITUTE GOODS OR SERVICES; LOSS OF USE, DATA OR PROFITS; OR BUSINESS
    39                           ; INTERRUPTION) HOWSOEVER CAUSED AND ON ANY THEORY OF LIABILITY, WHETHER IN CONTRACT, ST
      +                          RICT
    40                           ; LIABILITY, OR TORT (INCLUDING NEGLIGENCE OR OTHERWISE) ARISING IN ANY WAY OUT OF THE U
      +                          SE OF
    41                           ; THIS SOFTWARE, EVEN IF ADVISED OF THE POSSIBILITY OF SUCH DAMAGE.
    42                           ; 
    43                           ; 
    44                           ; Code-generator required, PIC16F887 Definitions
    45                           ; 
    46                           ; SFR Addresses
    47  0000                     	;# 
    48  0001                     	;# 
    49  0002                     	;# 
    50  0003                     	;# 
    51  0004                     	;# 
    52  0005                     	;# 
    53  0006                     	;# 
    54  0007                     	;# 
    55  0008                     	;# 
    56  0009                     	;# 
    57  000A                     	;# 
    58  000B                     	;# 
    59  000C                     	;# 
    60  000D                     	;# 
    61  000E                     	;# 
    62  000E                     	;# 
    63  000F                     	;# 
    64  0010                     	;# 
    65  0011                     	;# 
    66  0012                     	;# 
    67  0013                     	;# 
    68  0014                     	;# 
    69  0015                     	;# 
    70  0015                     	;# 
    71  0016                     	;# 
    72  0017                     	;# 
    73  0018                     	;# 
    74  0019                     	;# 
    75  001A                     	;# 
    76  001B                     	;# 
    77  001B                     	;# 
    78  001C                     	;# 
    79  001D                     	;# 
    80  001E                     	;# 
    81  001F                     	;# 
    82  0081                     	;# 
    83  0085                     	;# 
    84  0086                     	;# 
    85  0087                     	;# 
    86  0088                     	;# 
    87  0089                     	;# 
    88  008C                     	;# 
    89  008D                     	;# 
    90  008E                     	;# 
    91  008F                     	;# 
    92  0090                     	;# 
    93  0091                     	;# 
    94  0092                     	;# 
    95  0093                     	;# 
    96  0093                     	;# 
    97  0093                     	;# 
    98  0094                     	;# 
    99  0095                     	;# 
   100  0096                     	;# 
   101  0097                     	;# 
   102  0098                     	;# 
   103  0099                     	;# 
   104  009A                     	;# 
   105  009B                     	;# 
   106  009C                     	;# 
   107  009D                     	;# 
   108  009E                     	;# 
   109  009F                     	;# 
   110  0105                     	;# 
   111  0107                     	;# 
   112  0108                     	;# 
   113  0109                     	;# 
   114  010C                     	;# 
   115  010C                     	;# 
   116  010D                     	;# 
   117  010E                     	;# 
   118  010F                     	;# 
   119  0185                     	;# 
   120  0187                     	;# 
   121  0188                     	;# 
   122  0189                     	;# 
   123  018C                     	;# 
   124  018D                     	;# 
   125  0000                     	;# 
   126  0001                     	;# 
   127  0002                     	;# 
   128  0003                     	;# 
   129  0004                     	;# 
   130  0005                     	;# 
   131  0006                     	;# 
   132  0007                     	;# 
   133  0008                     	;# 
   134  0009                     	;# 
   135  000A                     	;# 
   136  000B                     	;# 
   137  000C                     	;# 
   138  000D                     	;# 
   139  000E                     	;# 
   140  000E                     	;# 
   141  000F                     	;# 
   142  0010                     	;# 
   143  0011                     	;# 
   144  0012                     	;# 
   145  0013                     	;# 
   146  0014                     	;# 
   147  0015                     	;# 
   148  0015                     	;# 
   149  0016                     	;# 
   150  0017                     	;# 
   151  0018                     	;# 
   152  0019                     	;# 
   153  001A                     	;# 
   154  001B                     	;# 
   155  001B                     	;# 
   156  001C                     	;# 
   157  001D                     	;# 
   158  001E                     	;# 
   159  001F                     	;# 
   160  0081                     	;# 
   161  0085                     	;# 
   162  0086                     	;# 
   163  0087                     	;# 
   164  0088                     	;# 
   165  0089                     	;# 
   166  008C                     	;# 
   167  008D                     	;# 
   168  008E                     	;# 
   169  008F                     	;# 
   170  0090                     	;# 
   171  0091                     	;# 
   172  0092                     	;# 
   173  0093                     	;# 
   174  0093                     	;# 
   175  0093                     	;# 
   176  0094                     	;# 
   177  0095                     	;# 
   178  0096                     	;# 
   179  0097                     	;# 
   180  0098                     	;# 
   181  0099                     	;# 
   182  009A                     	;# 
   183  009B                     	;# 
   184  009C                     	;# 
   185  009D                     	;# 
   186  009E                     	;# 
   187  009F                     	;# 
   188  0105                     	;# 
   189  0107                     	;# 
   190  0108                     	;# 
   191  0109                     	;# 
   192  010C                     	;# 
   193  010C                     	;# 
   194  010D                     	;# 
   195  010E                     	;# 
   196  010F                     	;# 
   197  0185                     	;# 
   198  0187                     	;# 
   199  0188                     	;# 
   200  0189                     	;# 
   201  018C                     	;# 
   202  018D                     	;# 
   203  0007                     _PORTC	set	7
   204  000B                     _INTCONbits	set	11
   205  0012                     _T2CONbits	set	18
   206  000C                     _PIR1bits	set	12
   207  001D                     _CCP2CONbits	set	29
   208  001B                     _CCPR2L	set	27
   209  0017                     _CCP1CONbits	set	23
   210  001E                     _ADRESH	set	30
   211  0015                     _CCPR1L	set	21
   212  001F                     _ADCON0bits	set	31
   213  0066                     _ADIF	set	102
   214  008C                     _PIE1bits	set	140
   215  0092                     _PR2	set	146
   216  0087                     _TRISCbits	set	135
   217  009F                     _ADCON1bits	set	159
   218  008F                     _OSCCONbits	set	143
   219  0085                     _TRISAbits	set	133
   220  009E                     _ADRESL	set	158
   221  0189                     _ANSELH	set	393
   222  0188                     _ANSELbits	set	392
   223                           
   224                           	psect	cinit
   225  000F                     start_initialization:	
   226                           ; #config settings
   227                           
   228  000F                     __initialization:
   229  000F                     end_of_initialization:	
   230                           ;End of C runtime variable initialization code
   231                           
   232  000F                     __end_of__initialization:
   233  000F  0183               	clrf	3
   234  0010  120A  118A  28BE   	ljmp	_main	;jump to C main() function
   235                           
   236                           	psect	cstackCOMMON
   237  0070                     __pcstackCOMMON:
   238  0070                     ?_setup:
   239  0070                     ?_isr:	
   240                           ; 1 bytes @ 0x0
   241                           
   242  0070                     ??_isr:	
   243                           ; 1 bytes @ 0x0
   244                           
   245  0070                     ?_main:	
   246                           ; 1 bytes @ 0x0
   247                           
   248                           
   249                           ; 1 bytes @ 0x0
   250  0070                     	ds	4
   251  0074                     ??_setup:
   252                           
   253                           ; 1 bytes @ 0x4
   254  0074                     	ds	1
   255  0075                     ??_main:
   256                           
   257                           ; 1 bytes @ 0x5
   258  0075                     	ds	1
   259                           
   260                           	psect	maintext
   261  00BE                     __pmaintext:	
   262 ;;
   263 ;;Main: autosize = 0, tempsize = 1, incstack = 0, save=0
   264 ;;
   265 ;; *************** function _main *****************
   266 ;; Defined at:
   267 ;;		line 75 in file "L09.c"
   268 ;; Parameters:    Size  Location     Type
   269 ;;		None
   270 ;; Auto vars:     Size  Location     Type
   271 ;;		None
   272 ;; Return value:  Size  Location     Type
   273 ;;                  1    wreg      void 
   274 ;; Registers used:
   275 ;;		wreg, status,2, status,0, pclath, cstack
   276 ;; Tracked objects:
   277 ;;		On entry : B00/0
   278 ;;		On exit  : 0/0
   279 ;;		Unchanged: 0/0
   280 ;; Data sizes:     COMMON   BANK0   BANK1   BANK3   BANK2
   281 ;;      Params:         0       0       0       0       0
   282 ;;      Locals:         0       0       0       0       0
   283 ;;      Temps:          1       0       0       0       0
   284 ;;      Totals:         1       0       0       0       0
   285 ;;Total ram usage:        1 bytes
   286 ;; Hardware stack levels required when called:    2
   287 ;; This function calls:
   288 ;;		_setup
   289 ;; This function is called by:
   290 ;;		Startup code after reset
   291 ;; This function uses a non-reentrant model
   292 ;;
   293                           
   294                           
   295                           ;psect for function _main
   296  00BE                     _main:
   297  00BE                     l735:	
   298                           ;incstack = 0
   299                           ; Regs used in _main: [wreg+status,2+status,0+pclath+cstack]
   300                           
   301                           
   302                           ;L09.c: 76:     setup();
   303  00BE  120A  118A  2073  120A  118A  	fcall	_setup
   304  00C3                     l737:
   305                           
   306                           ;L09.c: 79:         if (ADCON0bits.GO == 0){
   307  00C3  1283               	bcf	3,5	;RP0=0, select bank0
   308  00C4  1303               	bcf	3,6	;RP1=0, select bank0
   309  00C5  189F               	btfsc	31,1	;volatile
   310  00C6  28C8               	goto	u61
   311  00C7  28C9               	goto	u60
   312  00C8                     u61:
   313  00C8  28C3               	goto	l737
   314  00C9                     u60:
   315  00C9                     l739:
   316                           
   317                           ;L09.c: 80:             if (ADCON0bits.CHS == 1){
   318  00C9  0C1F               	rrf	31,w	;volatile
   319  00CA  00F5               	movwf	??_main
   320  00CB  0C75               	rrf	??_main,w
   321  00CC  390F               	andlw	15
   322  00CD  3A01               	xorlw	1
   323  00CE  1D03               	skipz
   324  00CF  28D1               	goto	u71
   325  00D0  28D2               	goto	u70
   326  00D1                     u71:
   327  00D1  28D5               	goto	l743
   328  00D2                     u70:
   329  00D2                     l741:
   330                           
   331                           ;L09.c: 81:                 ADCON0bits.CHS = 0;
   332  00D2  30C3               	movlw	-61
   333  00D3  059F               	andwf	31,f	;volatile
   334                           
   335                           ;L09.c: 82:         }
   336  00D4  28D9               	goto	l745
   337  00D5                     l743:
   338                           
   339                           ;L09.c: 84:                 ADCON0bits.CHS = 1;
   340  00D5  081F               	movf	31,w	;volatile
   341  00D6  39C3               	andlw	-61
   342  00D7  3804               	iorlw	4
   343  00D8  009F               	movwf	31	;volatile
   344  00D9                     l745:
   345                           
   346                           ;L09.c: 86:         _delay((unsigned long)((100)*(8000000/4000000.0)));
   347  00D9  3042               	movlw	66
   348  00DA  00F5               	movwf	??_main
   349  00DB                     u87:
   350  00DB  0BF5               	decfsz	??_main,f
   351  00DC  28DB               	goto	u87
   352  00DD  0000               	nop
   353  00DE                     l747:
   354                           
   355                           ;L09.c: 87:         ADCON0bits.GO = 1;
   356  00DE  1283               	bcf	3,5	;RP0=0, select bank0
   357  00DF  1303               	bcf	3,6	;RP1=0, select bank0
   358  00E0  149F               	bsf	31,1	;volatile
   359  00E1  28C3               	goto	l737
   360  00E2  120A  118A  280C   	ljmp	start
   361  00E5                     __end_of_main:
   362                           
   363                           	psect	text1
   364  0073                     __ptext1:	
   365 ;; *************** function _setup *****************
   366 ;; Defined at:
   367 ;;		line 96 in file "L09.c"
   368 ;; Parameters:    Size  Location     Type
   369 ;;		None
   370 ;; Auto vars:     Size  Location     Type
   371 ;;		None
   372 ;; Return value:  Size  Location     Type
   373 ;;                  1    wreg      void 
   374 ;; Registers used:
   375 ;;		wreg, status,2, status,0
   376 ;; Tracked objects:
   377 ;;		On entry : 0/0
   378 ;;		On exit  : 0/0
   379 ;;		Unchanged: 0/0
   380 ;; Data sizes:     COMMON   BANK0   BANK1   BANK3   BANK2
   381 ;;      Params:         0       0       0       0       0
   382 ;;      Locals:         0       0       0       0       0
   383 ;;      Temps:          1       0       0       0       0
   384 ;;      Totals:         1       0       0       0       0
   385 ;;Total ram usage:        1 bytes
   386 ;; Hardware stack levels used:    1
   387 ;; Hardware stack levels required when called:    1
   388 ;; This function calls:
   389 ;;		Nothing
   390 ;; This function is called by:
   391 ;;		_main
   392 ;; This function uses a non-reentrant model
   393 ;;
   394                           
   395                           
   396                           ;psect for function _setup
   397  0073                     _setup:
   398  0073                     l661:	
   399                           ;incstack = 0
   400                           ; Regs used in _setup: [wreg+status,2+status,0]
   401                           
   402                           
   403                           ;L09.c: 98:     ANSELbits.ANS0 = 1;
   404  0073  1683               	bsf	3,5	;RP0=1, select bank3
   405  0074  1703               	bsf	3,6	;RP1=1, select bank3
   406  0075  1408               	bsf	8,0	;volatile
   407                           
   408                           ;L09.c: 99:     ANSELbits.ANS1 = 1;
   409  0076  1488               	bsf	8,1	;volatile
   410  0077                     l663:
   411                           
   412                           ;L09.c: 100:     ANSELH = 0x00;
   413  0077  0189               	clrf	9	;volatile
   414  0078                     l665:
   415                           
   416                           ;L09.c: 102:     TRISAbits.TRISA0 = 1;
   417  0078  1683               	bsf	3,5	;RP0=1, select bank1
   418  0079  1303               	bcf	3,6	;RP1=0, select bank1
   419  007A  1405               	bsf	5,0	;volatile
   420  007B                     l667:
   421                           
   422                           ;L09.c: 103:     TRISAbits.TRISA1 = 1;
   423  007B  1485               	bsf	5,1	;volatile
   424  007C                     l669:
   425                           
   426                           ;L09.c: 106:     OSCCONbits.IRCF0 = 1;
   427  007C  160F               	bsf	15,4	;volatile
   428  007D                     l671:
   429                           
   430                           ;L09.c: 107:     OSCCONbits.IRCF1 = 1;
   431  007D  168F               	bsf	15,5	;volatile
   432  007E                     l673:
   433                           
   434                           ;L09.c: 108:     OSCCONbits.IRCF2 = 1;
   435  007E  170F               	bsf	15,6	;volatile
   436  007F                     l675:
   437                           
   438                           ;L09.c: 109:     OSCCONbits.SCS = 1;
   439  007F  140F               	bsf	15,0	;volatile
   440  0080                     l677:
   441                           
   442                           ;L09.c: 112:     ADCON0bits.CHS = 0;
   443  0080  30C3               	movlw	-61
   444  0081  1283               	bcf	3,5	;RP0=0, select bank0
   445  0082  1303               	bcf	3,6	;RP1=0, select bank0
   446  0083  059F               	andwf	31,f	;volatile
   447  0084                     l679:
   448                           
   449                           ;L09.c: 113:     _delay((unsigned long)((100)*(8000000/4000000.0)));
   450  0084  3042               	movlw	66
   451  0085  00F4               	movwf	??_setup
   452  0086                     u97:
   453  0086  0BF4               	decfsz	??_setup,f
   454  0087  2886               	goto	u97
   455  0088  0000               	nop
   456  0089                     l681:
   457                           
   458                           ;L09.c: 115:     ADCON0bits.ADCS0 = 0;
   459  0089  1283               	bcf	3,5	;RP0=0, select bank0
   460  008A  1303               	bcf	3,6	;RP1=0, select bank0
   461  008B  131F               	bcf	31,6	;volatile
   462  008C                     l683:
   463                           
   464                           ;L09.c: 116:     ADCON0bits.ADCS1 = 1;
   465  008C  179F               	bsf	31,7	;volatile
   466  008D                     l685:
   467                           
   468                           ;L09.c: 117:     ADCON0bits.ADON = 1;
   469  008D  141F               	bsf	31,0	;volatile
   470  008E                     l687:
   471                           
   472                           ;L09.c: 118:     ADCON1bits.ADFM = 0;
   473  008E  1683               	bsf	3,5	;RP0=1, select bank1
   474  008F  1303               	bcf	3,6	;RP1=0, select bank1
   475  0090  139F               	bcf	31,7	;volatile
   476  0091                     l689:
   477                           
   478                           ;L09.c: 119:     ADCON1bits.VCFG1 = 0;
   479  0091  129F               	bcf	31,5	;volatile
   480  0092                     l691:
   481                           
   482                           ;L09.c: 120:     ADCON1bits.VCFG0 = 0;
   483  0092  121F               	bcf	31,4	;volatile
   484  0093                     l693:
   485                           
   486                           ;L09.c: 124:     TRISCbits.TRISC2 = 1;
   487  0093  1507               	bsf	7,2	;volatile
   488  0094                     l695:
   489                           
   490                           ;L09.c: 125:     TRISCbits.TRISC1 = 1;
   491  0094  1487               	bsf	7,1	;volatile
   492  0095                     l697:
   493                           
   494                           ;L09.c: 126:     PR2 = 250;
   495  0095  30FA               	movlw	250
   496  0096  0092               	movwf	18	;volatile
   497  0097                     l699:
   498                           
   499                           ;L09.c: 127:     CCP1CONbits.P1M = 0;
   500  0097  303F               	movlw	-193
   501  0098  1283               	bcf	3,5	;RP0=0, select bank0
   502  0099  1303               	bcf	3,6	;RP1=0, select bank0
   503  009A  0597               	andwf	23,f	;volatile
   504  009B                     l701:
   505                           
   506                           ;L09.c: 128:     CCP2CONbits.CCP2M = 0b1111;
   507  009B  300F               	movlw	15
   508  009C  049D               	iorwf	29,f	;volatile
   509  009D                     l703:
   510                           
   511                           ;L09.c: 129:     CCP1CONbits.CCP1M = 0b00001100;
   512  009D  0817               	movf	23,w	;volatile
   513  009E  39F0               	andlw	-16
   514  009F  380C               	iorlw	12
   515  00A0  0097               	movwf	23	;volatile
   516  00A1                     l705:
   517                           
   518                           ;L09.c: 132:     CCPR1L = 0x0F;
   519  00A1  300F               	movlw	15
   520  00A2  0095               	movwf	21	;volatile
   521  00A3                     l707:
   522                           
   523                           ;L09.c: 133:     CCP1CONbits.DC1B = 0;
   524  00A3  30CF               	movlw	-49
   525  00A4  0597               	andwf	23,f	;volatile
   526  00A5                     l709:
   527                           
   528                           ;L09.c: 134:     CCPR2L = 0x0F;
   529  00A5  300F               	movlw	15
   530  00A6  009B               	movwf	27	;volatile
   531  00A7                     l711:
   532                           
   533                           ;L09.c: 135:     CCP2CONbits.DC2B0 = 0;
   534  00A7  121D               	bcf	29,4	;volatile
   535  00A8                     l713:
   536                           
   537                           ;L09.c: 136:     CCP2CONbits.DC2B1 = 0;
   538  00A8  129D               	bcf	29,5	;volatile
   539  00A9                     l715:
   540                           
   541                           ;L09.c: 139:     PIR1bits.TMR2IF = 0;
   542  00A9  108C               	bcf	12,1	;volatile
   543  00AA                     l717:
   544                           
   545                           ;L09.c: 140:     T2CONbits.T2CKPS0 = 0;
   546  00AA  1012               	bcf	18,0	;volatile
   547  00AB                     l719:
   548                           
   549                           ;L09.c: 141:     T2CONbits.T2CKPS1 = 1;
   550  00AB  1492               	bsf	18,1	;volatile
   551  00AC                     l721:
   552                           
   553                           ;L09.c: 142:     T2CONbits.TMR2ON = 1;
   554  00AC  1512               	bsf	18,2	;volatile
   555  00AD                     l66:	
   556                           ;L09.c: 143:     while (PIR1bits.TMR2IF == 0);
   557                           
   558  00AD  1C8C               	btfss	12,1	;volatile
   559  00AE  28B0               	goto	u11
   560  00AF  28B1               	goto	u10
   561  00B0                     u11:
   562  00B0  28AD               	goto	l66
   563  00B1                     u10:
   564  00B1                     l68:
   565                           
   566                           ;L09.c: 144:     PIR1bits.TMR2IF = 0;
   567  00B1  108C               	bcf	12,1	;volatile
   568                           
   569                           ;L09.c: 145:     TRISCbits.TRISC2 = 0;
   570  00B2  1683               	bsf	3,5	;RP0=1, select bank1
   571  00B3  1303               	bcf	3,6	;RP1=0, select bank1
   572  00B4  1107               	bcf	7,2	;volatile
   573                           
   574                           ;L09.c: 146:     TRISCbits.TRISC1 = 0;
   575  00B5  1087               	bcf	7,1	;volatile
   576                           
   577                           ;L09.c: 150:     PIE1bits.ADIE = 1;
   578  00B6  170C               	bsf	12,6	;volatile
   579                           
   580                           ;L09.c: 151:     PIR1bits.ADIF = 0;
   581  00B7  1283               	bcf	3,5	;RP0=0, select bank0
   582  00B8  1303               	bcf	3,6	;RP1=0, select bank0
   583  00B9  130C               	bcf	12,6	;volatile
   584                           
   585                           ;L09.c: 152:     INTCONbits.GIE = 1;
   586  00BA  178B               	bsf	11,7	;volatile
   587                           
   588                           ;L09.c: 153:     INTCONbits.PEIE = 1;
   589  00BB  170B               	bsf	11,6	;volatile
   590  00BC                     l723:
   591                           
   592                           ;L09.c: 157:     PORTC = 0x00;
   593  00BC  0187               	clrf	7	;volatile
   594  00BD                     l69:
   595  00BD  0008               	return
   596  00BE                     __end_of_setup:
   597                           
   598                           	psect	text2
   599  0013                     __ptext2:	
   600 ;; *************** function _isr *****************
   601 ;; Defined at:
   602 ;;		line 54 in file "L09.c"
   603 ;; Parameters:    Size  Location     Type
   604 ;;		None
   605 ;; Auto vars:     Size  Location     Type
   606 ;;		None
   607 ;; Return value:  Size  Location     Type
   608 ;;                  1    wreg      void 
   609 ;; Registers used:
   610 ;;		wreg, status,2, status,0
   611 ;; Tracked objects:
   612 ;;		On entry : 0/0
   613 ;;		On exit  : 0/0
   614 ;;		Unchanged: 0/0
   615 ;; Data sizes:     COMMON   BANK0   BANK1   BANK3   BANK2
   616 ;;      Params:         0       0       0       0       0
   617 ;;      Locals:         0       0       0       0       0
   618 ;;      Temps:          4       0       0       0       0
   619 ;;      Totals:         4       0       0       0       0
   620 ;;Total ram usage:        4 bytes
   621 ;; Hardware stack levels used:    1
   622 ;; This function calls:
   623 ;;		Nothing
   624 ;; This function is called by:
   625 ;;		Interrupt level 1
   626 ;; This function uses a non-reentrant model
   627 ;;
   628                           
   629                           
   630                           ;psect for function _isr
   631  0013                     _isr:
   632  0013                     i1l725:
   633                           
   634                           ;L09.c: 55:     if (ADIF == 1){
   635  0013  1283               	bcf	3,5	;RP0=0, select bank0
   636  0014  1303               	bcf	3,6	;RP1=0, select bank0
   637  0015  1F0C               	btfss	12,6	;volatile
   638  0016  2818               	goto	u2_21
   639  0017  2819               	goto	u2_20
   640  0018                     u2_21:
   641  0018  286C               	goto	i1l52
   642  0019                     u2_20:
   643  0019                     i1l727:
   644                           
   645                           ;L09.c: 56:         if (ADCON0bits.CHS == 0){
   646  0019  0C1F               	rrf	31,w	;volatile
   647  001A  00F0               	movwf	??_isr
   648  001B  0C70               	rrf	??_isr,w
   649  001C  390F               	andlw	15
   650  001D  3A00               	xorlw	0
   651  001E  1D03               	skipz
   652  001F  2821               	goto	u3_21
   653  0020  2822               	goto	u3_20
   654  0021                     u3_21:
   655  0021  2847               	goto	i1l731
   656  0022                     u3_20:
   657  0022                     i1l729:
   658                           
   659                           ;L09.c: 57:             CCPR1L = (ADRESH>>1)+124;
   660  0022  081E               	movf	30,w	;volatile
   661  0023  00F0               	movwf	??_isr
   662  0024  1003               	clrc
   663  0025  0C70               	rrf	??_isr,w
   664  0026  3E7C               	addlw	124
   665  0027  0095               	movwf	21	;volatile
   666                           
   667                           ;L09.c: 58:             CCP1CONbits.DC1B1 = ADRESH & 0b01;
   668  0028  081E               	movf	30,w	;volatile
   669  0029  3901               	andlw	1
   670  002A  00F0               	movwf	??_isr
   671  002B  0EF0               	swapf	??_isr,f
   672  002C  0DF0               	rlf	??_isr,f
   673  002D  0817               	movf	23,w	;volatile
   674  002E  0670               	xorwf	??_isr,w
   675  002F  39DF               	andlw	-33
   676  0030  0670               	xorwf	??_isr,w
   677  0031  0097               	movwf	23	;volatile
   678                           
   679                           ;L09.c: 59:             CCP1CONbits.DC1B0 = ADRESL>>7;
   680  0032  1683               	bsf	3,5	;RP0=1, select bank1
   681  0033  1303               	bcf	3,6	;RP1=0, select bank1
   682  0034  081E               	movf	30,w	;volatile
   683  0035  00F0               	movwf	??_isr
   684  0036  3007               	movlw	7
   685  0037                     u4_25:
   686  0037  1003               	clrc
   687  0038  0CF0               	rrf	??_isr,f
   688  0039  3EFF               	addlw	-1
   689  003A  1D03               	skipz
   690  003B  2837               	goto	u4_25
   691  003C  0870               	movf	??_isr,w
   692  003D  00F1               	movwf	??_isr+1
   693  003E  0EF1               	swapf	??_isr+1,f
   694  003F  1283               	bcf	3,5	;RP0=0, select bank0
   695  0040  1303               	bcf	3,6	;RP1=0, select bank0
   696  0041  0817               	movf	23,w	;volatile
   697  0042  0671               	xorwf	??_isr+1,w
   698  0043  39EF               	andlw	-17
   699  0044  0671               	xorwf	??_isr+1,w
   700  0045  0097               	movwf	23	;volatile
   701                           
   702                           ;L09.c: 60:         }
   703  0046  286B               	goto	i1l733
   704  0047                     i1l731:
   705                           
   706                           ;L09.c: 62:             CCPR2L = (ADRESH>>1)+124;
   707  0047  081E               	movf	30,w	;volatile
   708  0048  00F0               	movwf	??_isr
   709  0049  1003               	clrc
   710  004A  0C70               	rrf	??_isr,w
   711  004B  3E7C               	addlw	124
   712  004C  009B               	movwf	27	;volatile
   713                           
   714                           ;L09.c: 63:             CCP2CONbits.DC2B1 = ADRESH & 0b01;
   715  004D  081E               	movf	30,w	;volatile
   716  004E  3901               	andlw	1
   717  004F  00F0               	movwf	??_isr
   718  0050  0EF0               	swapf	??_isr,f
   719  0051  0DF0               	rlf	??_isr,f
   720  0052  081D               	movf	29,w	;volatile
   721  0053  0670               	xorwf	??_isr,w
   722  0054  39DF               	andlw	-33
   723  0055  0670               	xorwf	??_isr,w
   724  0056  009D               	movwf	29	;volatile
   725                           
   726                           ;L09.c: 64:             CCP2CONbits.DC2B0 = ADRESL>>7;
   727  0057  1683               	bsf	3,5	;RP0=1, select bank1
   728  0058  1303               	bcf	3,6	;RP1=0, select bank1
   729  0059  081E               	movf	30,w	;volatile
   730  005A  00F0               	movwf	??_isr
   731  005B  3007               	movlw	7
   732  005C                     u5_25:
   733  005C  1003               	clrc
   734  005D  0CF0               	rrf	??_isr,f
   735  005E  3EFF               	addlw	-1
   736  005F  1D03               	skipz
   737  0060  285C               	goto	u5_25
   738  0061  0870               	movf	??_isr,w
   739  0062  00F1               	movwf	??_isr+1
   740  0063  0EF1               	swapf	??_isr+1,f
   741  0064  1283               	bcf	3,5	;RP0=0, select bank0
   742  0065  1303               	bcf	3,6	;RP1=0, select bank0
   743  0066  081D               	movf	29,w	;volatile
   744  0067  0671               	xorwf	??_isr+1,w
   745  0068  39EF               	andlw	-17
   746  0069  0671               	xorwf	??_isr+1,w
   747  006A  009D               	movwf	29	;volatile
   748  006B                     i1l733:
   749                           
   750                           ;L09.c: 66:             ADIF = 0;
   751  006B  130C               	bcf	12,6	;volatile
   752  006C                     i1l52:
   753  006C  0873               	movf	??_isr+3,w
   754  006D  008A               	movwf	10
   755  006E  0E72               	swapf	??_isr+2,w
   756  006F  0083               	movwf	3
   757  0070  0EFE               	swapf	btemp,f
   758  0071  0E7E               	swapf	btemp,w
   759  0072  0009               	retfie
   760  0073                     __end_of_isr:
   761  007E                     btemp	set	126	;btemp
   762  007E                     wtemp0	set	126
   763                           
   764                           	psect	intentry
   765  0004                     __pintentry:	
   766                           ;incstack = 0
   767                           ; Regs used in _isr: [wreg+status,2+status,0]
   768                           
   769  0004                     interrupt_function:
   770  007E                     saved_w	set	btemp
   771  0004  00FE               	movwf	btemp
   772  0005  0E03               	swapf	3,w
   773  0006  00F2               	movwf	??_isr+2
   774  0007  080A               	movf	10,w
   775  0008  00F3               	movwf	??_isr+3
   776  0009  120A  118A  2813   	ljmp	_isr
   777                           
   778                           	psect	config
   779                           
   780                           ;Config register CONFIG1 @ 0x2007
   781                           ;	Oscillator Selection bits
   782                           ;	FOSC = INTRC_NOCLKOUT, INTOSCIO oscillator: I/O function on RA6/OSC2/CLKOUT pin, I/O f
      +                          unction on RA7/OSC1/CLKIN
   783                           ;	Watchdog Timer Enable bit
   784                           ;	WDTE = OFF, WDT disabled and can be enabled by SWDTEN bit of the WDTCON register
   785                           ;	Power-up Timer Enable bit
   786                           ;	PWRTE = OFF, PWRT disabled
   787                           ;	RE3/MCLR pin function select bit
   788                           ;	MCLRE = OFF, RE3/MCLR pin function is digital input, MCLR internally tied to VDD
   789                           ;	Code Protection bit
   790                           ;	CP = OFF, Program memory code protection is disabled
   791                           ;	Data Code Protection bit
   792                           ;	CPD = OFF, Data memory code protection is disabled
   793                           ;	Brown Out Reset Selection bits
   794                           ;	BOREN = OFF, BOR disabled
   795                           ;	Internal External Switchover bit
   796                           ;	IESO = OFF, Internal/External Switchover mode is disabled
   797                           ;	Fail-Safe Clock Monitor Enabled bit
   798                           ;	FCMEN = ON, Fail-Safe Clock Monitor is enabled
   799                           ;	Low Voltage Programming Enable bit
   800                           ;	LVP = ON, RB3/PGM pin has PGM function, low voltage programming enabled
   801                           ;	In-Circuit Debugger Mode bit
   802                           ;	DEBUG = 0x1, unprogrammed default
   803  2007                     	org	8199
   804  2007  38D4               	dw	14548
   805                           
   806                           ;Config register CONFIG2 @ 0x2008
   807                           ;	Brown-out Reset Selection bit
   808                           ;	BOR4V = BOR40V, Brown-out Reset set to 4.0V
   809                           ;	Flash Program Memory Self Write Enable bits
   810                           ;	WRT = OFF, Write protection off
   811  2008                     	org	8200
   812  2008  3FFF               	dw	16383

Data Sizes:
    Strings     0
    Constant    0
    Data        0
    BSS         0
    Persistent  0
    Stack       0

Auto Spaces:
    Space          Size  Autos    Used
    COMMON           14      6       6
    BANK0            80      0       0
    BANK1            80      0       0
    BANK3            96      0       0
    BANK2            96      0       0

Pointer List with Targets:

    None.

Critical Paths under _main in COMMON

    _main->_setup

Critical Paths under _isr in COMMON

    None.

Critical Paths under _main in BANK0

    None.

Critical Paths under _isr in BANK0

    None.

Critical Paths under _main in BANK1

    None.

Critical Paths under _isr in BANK1

    None.

Critical Paths under _main in BANK3

    None.

Critical Paths under _isr in BANK3

    None.

Critical Paths under _main in BANK2

    None.

Critical Paths under _isr in BANK2

    None.

Call Graph Tables:

 ---------------------------------------------------------------------------------
 (Depth) Function   	        Calls       Base Space   Used Autos Params    Refs
 ---------------------------------------------------------------------------------
 (0) _main                                                 1     1      0       0
                                              5 COMMON     1     1      0
                              _setup
 ---------------------------------------------------------------------------------
 (1) _setup                                                1     1      0       0
                                              4 COMMON     1     1      0
 ---------------------------------------------------------------------------------
 Estimated maximum stack depth 1
 ---------------------------------------------------------------------------------
 (Depth) Function   	        Calls       Base Space   Used Autos Params    Refs
 ---------------------------------------------------------------------------------
 (2) _isr                                                  4     4      0       0
                                              0 COMMON     4     4      0
 ---------------------------------------------------------------------------------
 Estimated maximum stack depth 2
 ---------------------------------------------------------------------------------

 Call Graph Graphs:

 _main (ROOT)
   _setup

 _isr (ROOT)

 Address spaces:
Name               Size   Autos  Total    Cost      Usage
BITCOMMON            E      0       0       0        0.0%
EEDATA             100      0       0       0        0.0%
NULL                 0      0       0       0        0.0%
CODE                 0      0       0       0        0.0%
COMMON               E      6       6       1       42.9%
BITSFR0              0      0       0       1        0.0%
SFR0                 0      0       0       1        0.0%
BITSFR1              0      0       0       2        0.0%
SFR1                 0      0       0       2        0.0%
STACK                0      0       0       2        0.0%
ABS                  0      0       0       3        0.0%
BITBANK0            50      0       0       4        0.0%
BITSFR3              0      0       0       4        0.0%
SFR3                 0      0       0       4        0.0%
BANK0               50      0       0       5        0.0%
BITSFR2              0      0       0       5        0.0%
SFR2                 0      0       0       5        0.0%
BITBANK1            50      0       0       6        0.0%
BANK1               50      0       0       7        0.0%
BITBANK3            60      0       0       8        0.0%
BANK3               60      0       0       9        0.0%
BITBANK2            60      0       0      10        0.0%
BANK2               60      0       0      11        0.0%
DATA                 0      0       0      12        0.0%


Microchip Technology PIC Macro Assembler V2.31 build 20201012212115 
Symbol Table                                                                                   Tue Apr 27 12:03:04 2021

                     l66 00AD                       l68 00B1                       l69 00BD  
                     u10 00B1                       u11 00B0                       u60 00C9  
                     u61 00C8                       u70 00D2                       u71 00D1  
                     u87 00DB                       u97 0086                      l701 009B  
                    l711 00A7                      l703 009D                      l721 00AC  
                    l713 00A8                      l705 00A1                      l723 00BC  
                    l715 00A9                      l707 00A3                      l717 00AA  
                    l709 00A5                      l661 0073                      l741 00D2  
                    l719 00AB                      l671 007D                      l663 0077  
                    l743 00D5                      l735 00BE                      l681 0089  
                    l673 007E                      l665 0078                      l745 00D9  
                    l737 00C3                      l691 0092                      l683 008C  
                    l675 007F                      l667 007B                      l747 00DE  
                    l739 00C9                      l693 0093                      l685 008D  
                    l677 0080                      l669 007C                      l695 0094  
                    l687 008E                      l679 0084                      l697 0095  
                    l689 0091                      l699 0097                      _PR2 0092  
                    _isr 0013                     _ADIF 0066                     ?_isr 0070  
                   i1l52 006C                     u2_20 0019                     u2_21 0018  
                   u3_20 0022                     u3_21 0021                     u4_25 0037  
                   u5_25 005C                     _main 00BE                     btemp 007E  
                   start 000C                    ??_isr 0070                    ?_main 0070  
                  i1l731 0047                    i1l733 006B                    i1l725 0013  
                  i1l727 0019                    i1l729 0022                    _PORTC 0007  
                  _setup 0073                    pclath 000A                    status 0003  
                  wtemp0 007E          __initialization 000F             __end_of_main 00E5  
                 ??_main 0075                   _ADRESH 001E                   _ADRESL 009E  
                 _CCPR1L 0015                   _CCPR2L 001B                   ?_setup 0070  
                 _ANSELH 0189                   saved_w 007E  __end_of__initialization 000F  
         __pcstackCOMMON 0070            __end_of_setup 00BE                  ??_setup 0074  
             __pmaintext 00BE               __pintentry 0004                _ANSELbits 0188  
                __ptext1 0073                  __ptext2 0013                _T2CONbits 0012  
           __size_of_isr 0060     end_of_initialization 000F                _TRISAbits 0085  
              _TRISCbits 0087              _CCP1CONbits 0017              _CCP2CONbits 001D  
    start_initialization 000F              __end_of_isr 0073                ___latbits 0002  
         __size_of_setup 004B        interrupt_function 0004                 _PIE1bits 008C  
               _PIR1bits 000C               _ADCON0bits 001F               _ADCON1bits 009F  
          __size_of_main 0027               _INTCONbits 000B                 intlevel1 0000  
             _OSCCONbits 008F  
